[0706/142315.677:WARNING:spdy_session.cc(3308)] Received WINDOW_UPDATE for invalid stream 47
[0706/142315.677:WARNING:spdy_session.cc(3308)] Received WINDOW_UPDATE for invalid stream 47
[0706/142423.043:WARNING:spdy_session.cc(3308)] Received WINDOW_UPDATE for invalid stream 57
[0706/142423.043:WARNING:spdy_session.cc(3308)] Received WINDOW_UPDATE for invalid stream 57
[0706/143600.666:WARNING:dns_config_service_win.cc(700)] Failed to read DnsConfig.
[0706/143600.688:WARNING:dns_config_service_win.cc(700)] Failed to read DnsConfig.
[0706/152042.777:WARNING:spdy_session.cc(3365)] Received HEADERS for invalid stream 1
[0706/162015.910:WARNING:spdy_session.cc(3365)] Received HEADERS for invalid stream 3
[0706/162015.914:WARNING:spdy_session.cc(3308)] Received WINDOW_UPDATE for invalid stream 3
[0706/162015.914:WARNING:spdy_session.cc(3308)] Received WINDOW_UPDATE for invalid stream 3
[0706/162015.926:WARNING:spdy_session.cc(3365)] Received HEADERS for invalid stream 3
[0706/165453.188:WARNING:dns_config_service_win.cc(700)] Failed to read DnsConfig.
[0706/165453.207:WARNING:dns_config_service_win.cc(700)] Failed to read DnsConfig.
[0707/000213.735:WARNING:dns_config_service_win.cc(700)] Failed to read DnsConfig.
[0707/000213.739:WARNING:dns_config_service_win.cc(700)] Failed to read DnsConfig.
[0707/000215.850:WARNING:dns_config_service_win.cc(700)] Failed to read DnsConfig.
[0707/000218.754:WARNING:dns_config_service_win.cc(700)] Failed to read DnsConfig.
[0707/000220.857:WARNING:dns_config_service_win.cc(700)] Failed to read DnsConfig.
[0707/000223.762:WARNING:dns_config_service_win.cc(700)] Failed to read DnsConfig.
[0707/000225.864:WARNING:dns_config_service_win.cc(700)] Failed to read DnsConfig.
[0707/000228.773:WARNING:dns_config_service_win.cc(700)] Failed to read DnsConfig.
[0707/000230.881:WARNING:dns_config_service_win.cc(700)] Failed to read DnsConfig.
[0707/000233.781:WARNING:dns_config_service_win.cc(700)] Failed to read DnsConfig.
[0707/000235.893:WARNING:dns_config_service_win.cc(700)] Failed to read DnsConfig.
[0707/000238.788:WARNING:dns_config_service_win.cc(700)] Failed to read DnsConfig.
[0707/000240.901:WARNING:dns_config_service_win.cc(700)] Failed to read DnsConfig.
[0707/000243.798:WARNING:dns_config_service_win.cc(700)] Failed to read DnsConfig.
[0707/000245.917:WARNING:dns_config_service_win.cc(700)] Failed to read DnsConfig.
[0707/000248.805:WARNING:dns_config_service_win.cc(700)] Failed to read DnsConfig.
[0707/000250.921:WARNING:dns_config_service_win.cc(700)] Failed to read DnsConfig.
[0707/000253.811:WARNING:dns_config_service_win.cc(700)] Failed to read DnsConfig.
[0707/000255.929:WARNING:dns_config_service_win.cc(700)] Failed to read DnsConfig.
[0707/000258.818:WARNING:dns_config_service_win.cc(700)] Failed to read DnsConfig.
[0707/000300.935:WARNING:dns_config_service_win.cc(700)] Failed to read DnsConfig.
[0707/000303.823:WARNING:dns_config_service_win.cc(700)] Failed to read DnsConfig.
[0707/000305.944:WARNING:dns_config_service_win.cc(700)] Failed to read DnsConfig.
[0707/000308.833:WARNING:dns_config_service_win.cc(700)] Failed to read DnsConfig.
[0707/000310.955:WARNING:dns_config_service_win.cc(700)] Failed to read DnsConfig.
[0707/000313.844:WARNING:dns_config_service_win.cc(700)] Failed to read DnsConfig.
[0707/000315.972:WARNING:dns_config_service_win.cc(700)] Failed to read DnsConfig.
[0707/000318.849:WARNING:dns_config_service_win.cc(700)] Failed to read DnsConfig.
[0707/000320.979:WARNING:dns_config_service_win.cc(700)] Failed to read DnsConfig.
[0707/000323.861:WARNING:dns_config_service_win.cc(700)] Failed to read DnsConfig.
[0707/000325.992:WARNING:dns_config_service_win.cc(700)] Failed to read DnsConfig.
[0707/000328.868:WARNING:dns_config_service_win.cc(700)] Failed to read DnsConfig.
[0707/000330.999:WARNING:dns_config_service_win.cc(700)] Failed to read DnsConfig.
[0707/000333.888:WARNING:dns_config_service_win.cc(700)] Failed to read DnsConfig.
[0707/000336.010:WARNING:dns_config_service_win.cc(700)] Failed to read DnsConfig.
[0707/000338.898:WARNING:dns_config_service_win.cc(700)] Failed to read DnsConfig.
[0707/000341.016:WARNING:dns_config_service_win.cc(700)] Failed to read DnsConfig.
[0707/000343.918:WARNING:dns_config_service_win.cc(700)] Failed to read DnsConfig.
[0707/000346.025:WARNING:dns_config_service_win.cc(700)] Failed to read DnsConfig.
[0707/000348.940:WARNING:dns_config_service_win.cc(700)] Failed to read DnsConfig.
[0707/000351.036:WARNING:dns_config_service_win.cc(700)] Failed to read DnsConfig.
[0707/000353.947:WARNING:dns_config_service_win.cc(700)] Failed to read DnsConfig.
[0707/000356.055:WARNING:dns_config_service_win.cc(700)] Failed to read DnsConfig.
[0707/000358.965:WARNING:dns_config_service_win.cc(700)] Failed to read DnsConfig.
[0707/000401.062:WARNING:dns_config_service_win.cc(700)] Failed to read DnsConfig.
[0707/000403.981:WARNING:dns_config_service_win.cc(700)] Failed to read DnsConfig.
[0707/000406.083:WARNING:dns_config_service_win.cc(700)] Failed to read DnsConfig.
[0707/000408.986:WARNING:dns_config_service_win.cc(700)] Failed to read DnsConfig.
[0707/000411.103:WARNING:dns_config_service_win.cc(700)] Failed to read DnsConfig.
[0707/000414.003:WARNING:dns_config_service_win.cc(700)] Failed to read DnsConfig.
[0707/000416.123:WARNING:dns_config_service_win.cc(700)] Failed to read DnsConfig.
[0707/000419.017:WARNING:dns_config_service_win.cc(700)] Failed to read DnsConfig.
[0707/000421.144:WARNING:dns_config_service_win.cc(700)] Failed to read DnsConfig.
[0707/000424.031:WARNING:dns_config_service_win.cc(700)] Failed to read DnsConfig.
[0707/000426.162:WARNING:dns_config_service_win.cc(700)] Failed to read DnsConfig.
[0707/000429.044:WARNING:dns_config_service_win.cc(700)] Failed to read DnsConfig.
[0707/000431.173:WARNING:dns_config_service_win.cc(700)] Failed to read DnsConfig.
[0707/000434.061:WARNING:dns_config_service_win.cc(700)] Failed to read DnsConfig.
[0707/000436.183:WARNING:dns_config_service_win.cc(700)] Failed to read DnsConfig.
[0707/000439.077:WARNING:dns_config_service_win.cc(700)] Failed to read DnsConfig.
[0707/000441.207:WARNING:dns_config_service_win.cc(700)] Failed to read DnsConfig.
[0707/000444.095:WARNING:dns_config_service_win.cc(700)] Failed to read DnsConfig.
[0707/000446.212:WARNING:dns_config_service_win.cc(700)] Failed to read DnsConfig.
[0707/000449.114:WARNING:dns_config_service_win.cc(700)] Failed to read DnsConfig.
[0707/000451.218:WARNING:dns_config_service_win.cc(700)] Failed to read DnsConfig.
[0707/000454.130:WARNING:dns_config_service_win.cc(700)] Failed to read DnsConfig.
[0707/000456.237:WARNING:dns_config_service_win.cc(700)] Failed to read DnsConfig.
[0707/000459.137:WARNING:dns_config_service_win.cc(700)] Failed to read DnsConfig.
[0707/000501.245:WARNING:dns_config_service_win.cc(700)] Failed to read DnsConfig.
[0707/000504.154:WARNING:dns_config_service_win.cc(700)] Failed to read DnsConfig.
[0707/000506.264:WARNING:dns_config_service_win.cc(700)] Failed to read DnsConfig.
[0707/000509.171:WARNING:dns_config_service_win.cc(700)] Failed to read DnsConfig.
[0707/000511.276:WARNING:dns_config_service_win.cc(700)] Failed to read DnsConfig.
[0707/000514.182:WARNING:dns_config_service_win.cc(700)] Failed to read DnsConfig.
[0707/000516.293:WARNING:dns_config_service_win.cc(700)] Failed to read DnsConfig.
[0707/000519.193:WARNING:dns_config_service_win.cc(700)] Failed to read DnsConfig.
[0707/000521.309:WARNING:dns_config_service_win.cc(700)] Failed to read DnsConfig.
[0707/000524.204:WARNING:dns_config_service_win.cc(700)] Failed to read DnsConfig.
[0707/000526.320:WARNING:dns_config_service_win.cc(700)] Failed to read DnsConfig.
[0707/000529.220:WARNING:dns_config_service_win.cc(700)] Failed to read DnsConfig.
[0707/000531.331:WARNING:dns_config_service_win.cc(700)] Failed to read DnsConfig.
[0707/000534.231:WARNING:dns_config_service_win.cc(700)] Failed to read DnsConfig.
[0707/000536.350:WARNING:dns_config_service_win.cc(700)] Failed to read DnsConfig.
[0707/000539.244:WARNING:dns_config_service_win.cc(700)] Failed to read DnsConfig.
[0707/000541.361:WARNING:dns_config_service_win.cc(700)] Failed to read DnsConfig.
[0707/000544.256:WARNING:dns_config_service_win.cc(700)] Failed to read DnsConfig.
[0707/000546.378:WARNING:dns_config_service_win.cc(700)] Failed to read DnsConfig.
[0707/000549.265:WARNING:dns_config_service_win.cc(700)] Failed to read DnsConfig.
[0707/000551.411:WARNING:dns_config_service_win.cc(700)] Failed to read DnsConfig.
[0707/000554.283:WARNING:dns_config_service_win.cc(700)] Failed to read DnsConfig.
[0707/000556.422:WARNING:dns_config_service_win.cc(700)] Failed to read DnsConfig.
[0707/000559.289:WARNING:dns_config_service_win.cc(700)] Failed to read DnsConfig.
[0707/000601.444:WARNING:dns_config_service_win.cc(700)] Failed to read DnsConfig.
[0707/000604.295:WARNING:dns_config_service_win.cc(700)] Failed to read DnsConfig.
[0707/000606.466:WARNING:dns_config_service_win.cc(700)] Failed to read DnsConfig.
[0707/000609.301:WARNING:dns_config_service_win.cc(700)] Failed to read DnsConfig.
[0707/000611.485:WARNING:dns_config_service_win.cc(700)] Failed to read DnsConfig.
[0707/000614.307:WARNING:dns_config_service_win.cc(700)] Failed to read DnsConfig.
[0707/000616.509:WARNING:dns_config_service_win.cc(700)] Failed to read DnsConfig.
[0707/000619.327:WARNING:dns_config_service_win.cc(700)] Failed to read DnsConfig.
[0707/000621.537:WARNING:dns_config_service_win.cc(700)] Failed to read DnsConfig.
[0707/000624.339:WARNING:dns_config_service_win.cc(700)] Failed to read DnsConfig.
[0707/000626.551:WARNING:dns_config_service_win.cc(700)] Failed to read DnsConfig.
[0707/000629.347:WARNING:dns_config_service_win.cc(700)] Failed to read DnsConfig.
[0707/000631.576:WARNING:dns_config_service_win.cc(700)] Failed to read DnsConfig.
[0707/000634.364:WARNING:dns_config_service_win.cc(700)] Failed to read DnsConfig.
[0707/000636.607:WARNING:dns_config_service_win.cc(700)] Failed to read DnsConfig.
[0707/000639.378:WARNING:dns_config_service_win.cc(700)] Failed to read DnsConfig.
[0707/000641.631:WARNING:dns_config_service_win.cc(700)] Failed to read DnsConfig.
[0707/000644.390:WARNING:dns_config_service_win.cc(700)] Failed to read DnsConfig.
[0707/000646.653:WARNING:dns_config_service_win.cc(700)] Failed to read DnsConfig.
[0707/000649.414:WARNING:dns_config_service_win.cc(700)] Failed to read DnsConfig.
[0707/000651.685:WARNING:dns_config_service_win.cc(700)] Failed to read DnsConfig.
[0707/000654.434:WARNING:dns_config_service_win.cc(700)] Failed to read DnsConfig.
[0707/000656.697:WARNING:dns_config_service_win.cc(700)] Failed to read DnsConfig.
[0707/000659.455:WARNING:dns_config_service_win.cc(700)] Failed to read DnsConfig.
[0707/000701.727:WARNING:dns_config_service_win.cc(700)] Failed to read DnsConfig.
[0707/000704.463:WARNING:dns_config_service_win.cc(700)] Failed to read DnsConfig.
[0707/000706.741:WARNING:dns_config_service_win.cc(700)] Failed to read DnsConfig.
[0707/080218.856:WARNING:dns_config_service_win.cc(700)] Failed to read DnsConfig.
[0707/080218.872:WARNING:dns_config_service_win.cc(700)] Failed to read DnsConfig.
[0707/080220.798:WARNING:dns_config_service_win.cc(700)] Failed to read DnsConfig.
[0707/080225.788:WARNING:dns_config_service_win.cc(700)] Failed to read DnsConfig.
[0707/080225.802:WARNING:dns_config_service_win.cc(700)] Failed to read DnsConfig.
[0707/080230.803:WARNING:dns_config_service_win.cc(700)] Failed to read DnsConfig.
[0707/080230.808:WARNING:dns_config_service_win.cc(700)] Failed to read DnsConfig.
[0707/080235.809:WARNING:dns_config_service_win.cc(700)] Failed to read DnsConfig.
[0707/080235.813:WARNING:dns_config_service_win.cc(700)] Failed to read DnsConfig.
[0707/080240.827:WARNING:dns_config_service_win.cc(700)] Failed to read DnsConfig.
[0707/080245.831:WARNING:dns_config_service_win.cc(700)] Failed to read DnsConfig.
[0707/080250.843:WARNING:dns_config_service_win.cc(700)] Failed to read DnsConfig.
[0707/080255.861:WARNING:dns_config_service_win.cc(700)] Failed to read DnsConfig.
[0707/080300.874:WARNING:dns_config_service_win.cc(700)] Failed to read DnsConfig.
[0707/080305.885:WARNING:dns_config_service_win.cc(700)] Failed to read DnsConfig.
[0707/080310.890:WARNING:dns_config_service_win.cc(700)] Failed to read DnsConfig.
[0707/080315.906:WARNING:dns_config_service_win.cc(700)] Failed to read DnsConfig.
[0707/080320.914:WARNING:dns_config_service_win.cc(700)] Failed to read DnsConfig.
[0707/080325.918:WARNING:dns_config_service_win.cc(700)] Failed to read DnsConfig.
[0707/080330.934:WARNING:dns_config_service_win.cc(700)] Failed to read DnsConfig.
[0707/080335.939:WARNING:dns_config_service_win.cc(700)] Failed to read DnsConfig.
[0707/080340.955:WARNING:dns_config_service_win.cc(700)] Failed to read DnsConfig.
[0707/080345.972:WARNING:dns_config_service_win.cc(700)] Failed to read DnsConfig.
[0707/080350.979:WARNING:dns_config_service_win.cc(700)] Failed to read DnsConfig.
[0707/080355.994:WARNING:dns_config_service_win.cc(700)] Failed to read DnsConfig.
[0707/080401.001:WARNING:dns_config_service_win.cc(700)] Failed to read DnsConfig.
[0707/080406.012:WARNING:dns_config_service_win.cc(700)] Failed to read DnsConfig.
[0707/080411.019:WARNING:dns_config_service_win.cc(700)] Failed to read DnsConfig.
[0707/080416.025:WARNING:dns_config_service_win.cc(700)] Failed to read DnsConfig.
[0707/080421.041:WARNING:dns_config_service_win.cc(700)] Failed to read DnsConfig.
[0707/080426.052:WARNING:dns_config_service_win.cc(700)] Failed to read DnsConfig.
[0707/080431.056:WARNING:dns_config_service_win.cc(700)] Failed to read DnsConfig.
[0707/080436.066:WARNING:dns_config_service_win.cc(700)] Failed to read DnsConfig.
[0707/080441.082:WARNING:dns_config_service_win.cc(700)] Failed to read DnsConfig.
[0707/080446.100:WARNING:dns_config_service_win.cc(700)] Failed to read DnsConfig.
[0707/080451.118:WARNING:dns_config_service_win.cc(700)] Failed to read DnsConfig.
[0707/080456.137:WARNING:dns_config_service_win.cc(700)] Failed to read DnsConfig.
[0707/080501.142:WARNING:dns_config_service_win.cc(700)] Failed to read DnsConfig.
[0707/080506.156:WARNING:dns_config_service_win.cc(700)] Failed to read DnsConfig.
[0707/080511.166:WARNING:dns_config_service_win.cc(700)] Failed to read DnsConfig.
[0707/080516.180:WARNING:dns_config_service_win.cc(700)] Failed to read DnsConfig.
[0707/080521.194:WARNING:dns_config_service_win.cc(700)] Failed to read DnsConfig.
[0707/080526.212:WARNING:dns_config_service_win.cc(700)] Failed to read DnsConfig.
[0707/080531.227:WARNING:dns_config_service_win.cc(700)] Failed to read DnsConfig.
[0707/080536.242:WARNING:dns_config_service_win.cc(700)] Failed to read DnsConfig.
[0707/080541.253:WARNING:dns_config_service_win.cc(700)] Failed to read DnsConfig.
[0707/080546.260:WARNING:dns_config_service_win.cc(700)] Failed to read DnsConfig.
[0707/080551.267:WARNING:dns_config_service_win.cc(700)] Failed to read DnsConfig.
[0707/080556.280:WARNING:dns_config_service_win.cc(700)] Failed to read DnsConfig.
[0707/080601.298:WARNING:dns_config_service_win.cc(700)] Failed to read DnsConfig.
[0707/080606.303:WARNING:dns_config_service_win.cc(700)] Failed to read DnsConfig.
[0707/080611.307:WARNING:dns_config_service_win.cc(700)] Failed to read DnsConfig.
[0707/080616.322:WARNING:dns_config_service_win.cc(700)] Failed to read DnsConfig.
[0707/080621.333:WARNING:dns_config_service_win.cc(700)] Failed to read DnsConfig.
[0707/080626.347:WARNING:dns_config_service_win.cc(700)] Failed to read DnsConfig.
[0707/080631.358:WARNING:dns_config_service_win.cc(700)] Failed to read DnsConfig.
[0707/080636.373:WARNING:dns_config_service_win.cc(700)] Failed to read DnsConfig.
[0707/080641.386:WARNING:dns_config_service_win.cc(700)] Failed to read DnsConfig.
[0707/080646.397:WARNING:dns_config_service_win.cc(700)] Failed to read DnsConfig.
[0707/080651.415:WARNING:dns_config_service_win.cc(700)] Failed to read DnsConfig.
[0707/080656.419:WARNING:dns_config_service_win.cc(700)] Failed to read DnsConfig.
[0707/080701.430:WARNING:dns_config_service_win.cc(700)] Failed to read DnsConfig.
[0707/080706.436:WARNING:dns_config_service_win.cc(700)] Failed to read DnsConfig.
[0707/080711.441:WARNING:dns_config_service_win.cc(700)] Failed to read DnsConfig.
[0707/080716.452:WARNING:dns_config_service_win.cc(700)] Failed to read DnsConfig.
[0707/080721.456:WARNING:dns_config_service_win.cc(700)] Failed to read DnsConfig.
[0707/080726.463:WARNING:dns_config_service_win.cc(700)] Failed to read DnsConfig.
[0707/080731.469:WARNING:dns_config_service_win.cc(700)] Failed to read DnsConfig.
[0707/080731.581:WARNING:dns_config_service_win.cc(700)] Failed to read DnsConfig.
[0707/080736.480:WARNING:dns_config_service_win.cc(700)] Failed to read DnsConfig.
[0707/080736.585:WARNING:dns_config_service_win.cc(700)] Failed to read DnsConfig.
[0707/080741.491:WARNING:dns_config_service_win.cc(700)] Failed to read DnsConfig.
[0707/080741.589:WARNING:dns_config_service_win.cc(700)] Failed to read DnsConfig.
[0707/080746.501:WARNING:dns_config_service_win.cc(700)] Failed to read DnsConfig.
[0707/080746.593:WARNING:dns_config_service_win.cc(700)] Failed to read DnsConfig.
[0707/080751.505:WARNING:dns_config_service_win.cc(700)] Failed to read DnsConfig.
[0707/080751.597:WARNING:dns_config_service_win.cc(700)] Failed to read DnsConfig.
[0707/080756.520:WARNING:dns_config_service_win.cc(700)] Failed to read DnsConfig.
[0707/080756.601:WARNING:dns_config_service_win.cc(700)] Failed to read DnsConfig.
[0707/080801.530:WARNING:dns_config_service_win.cc(700)] Failed to read DnsConfig.
[0707/080801.606:WARNING:dns_config_service_win.cc(700)] Failed to read DnsConfig.
[0707/080806.534:WARNING:dns_config_service_win.cc(700)] Failed to read DnsConfig.
[0707/080806.611:WARNING:dns_config_service_win.cc(700)] Failed to read DnsConfig.
[0707/080811.552:WARNING:dns_config_service_win.cc(700)] Failed to read DnsConfig.
[0707/080811.615:WARNING:dns_config_service_win.cc(700)] Failed to read DnsConfig.
[0707/080816.567:WARNING:dns_config_service_win.cc(700)] Failed to read DnsConfig.
[0707/080816.619:WARNING:dns_config_service_win.cc(700)] Failed to read DnsConfig.
[0707/080821.579:WARNING:dns_config_service_win.cc(700)] Failed to read DnsConfig.
[0707/080821.624:WARNING:dns_config_service_win.cc(700)] Failed to read DnsConfig.
[0707/080826.585:WARNING:dns_config_service_win.cc(700)] Failed to read DnsConfig.
[0707/080826.629:WARNING:dns_config_service_win.cc(700)] Failed to read DnsConfig.
[0707/080831.599:WARNING:dns_config_service_win.cc(700)] Failed to read DnsConfig.
[0707/080831.633:WARNING:dns_config_service_win.cc(700)] Failed to read DnsConfig.
[0707/080836.618:WARNING:dns_config_service_win.cc(700)] Failed to read DnsConfig.
[0707/080836.638:WARNING:dns_config_service_win.cc(700)] Failed to read DnsConfig.
[0707/080841.622:WARNING:dns_config_service_win.cc(700)] Failed to read DnsConfig.
[0707/080841.642:WARNING:dns_config_service_win.cc(700)] Failed to read DnsConfig.
[0707/080846.627:WARNING:dns_config_service_win.cc(700)] Failed to read DnsConfig.
[0707/080846.646:WARNING:dns_config_service_win.cc(700)] Failed to read DnsConfig.
[0707/080851.635:WARNING:dns_config_service_win.cc(700)] Failed to read DnsConfig.
[0707/080851.652:WARNING:dns_config_service_win.cc(700)] Failed to read DnsConfig.
[0707/080856.651:WARNING:dns_config_service_win.cc(700)] Failed to read DnsConfig.
[0707/080856.657:WARNING:dns_config_service_win.cc(700)] Failed to read DnsConfig.
[0707/080901.662:WARNING:dns_config_service_win.cc(700)] Failed to read DnsConfig.
[0707/080901.662:WARNING:dns_config_service_win.cc(700)] Failed to read DnsConfig.
[0707/080906.670:WARNING:dns_config_service_win.cc(700)] Failed to read DnsConfig.
[0707/080906.679:WARNING:dns_config_service_win.cc(700)] Failed to read DnsConfig.
[0707/080911.678:WARNING:dns_config_service_win.cc(700)] Failed to read DnsConfig.
[0707/080911.685:WARNING:dns_config_service_win.cc(700)] Failed to read DnsConfig.
[0707/080916.696:WARNING:dns_config_service_win.cc(700)] Failed to read DnsConfig.
[0707/080916.698:WARNING:dns_config_service_win.cc(700)] Failed to read DnsConfig.
[0707/080921.704:WARNING:dns_config_service_win.cc(700)] Failed to read DnsConfig.
[0707/080921.712:WARNING:dns_config_service_win.cc(700)] Failed to read DnsConfig.
[0707/080926.712:WARNING:dns_config_service_win.cc(700)] Failed to read DnsConfig.
[0707/080926.729:WARNING:dns_config_service_win.cc(700)] Failed to read DnsConfig.
[0707/080931.717:WARNING:dns_config_service_win.cc(700)] Failed to read DnsConfig.
[0707/080931.740:WARNING:dns_config_service_win.cc(700)] Failed to read DnsConfig.
[0707/080936.722:WARNING:dns_config_service_win.cc(700)] Failed to read DnsConfig.
[0707/080936.757:WARNING:dns_config_service_win.cc(700)] Failed to read DnsConfig.
[0707/080939.525:WARNING:dns_config_service_win.cc(700)] Failed to read DnsConfig.
[0707/080939.540:WARNING:dns_config_service_win.cc(700)] Failed to read DnsConfig.
[0707/080941.727:WARNING:dns_config_service_win.cc(700)] Failed to read DnsConfig.
[0707/080941.776:WARNING:dns_config_service_win.cc(700)] Failed to read DnsConfig.
[0707/092253.349:WARNING:dns_config_service_win.cc(700)] Failed to read DnsConfig.
[0707/092253.394:WARNING:dns_config_service_win.cc(700)] Failed to read DnsConfig.
[0707/092305.182:WARNING:dns_config_service_win.cc(700)] Failed to read DnsConfig.
[0707/092305.191:WARNING:dns_config_service_win.cc(700)] Failed to read DnsConfig.
[0707/092311.506:WARNING:dns_config_service_win.cc(700)] Failed to read DnsConfig.
[0707/092311.527:WARNING:dns_config_service_win.cc(700)] Failed to read DnsConfig.
[0707/092311.566:WARNING:dns_config_service_win.cc(700)] Failed to read DnsConfig.
[0707/092311.579:WARNING:dns_config_service_win.cc(700)] Failed to read DnsConfig.
[0707/114716.065:WARNING:spdy_session.cc(3365)] Received HEADERS for invalid stream 1
[0707/115101.379:WARNING:spdy_session.cc(3365)] Received HEADERS for invalid stream 3
[0707/115101.383:WARNING:spdy_session.cc(3308)] Received WINDOW_UPDATE for invalid stream 3
[0707/115101.383:WARNING:spdy_session.cc(3308)] Received WINDOW_UPDATE for invalid stream 3
[0707/115101.384:WARNING:spdy_session.cc(3365)] Received HEADERS for invalid stream 3
[0707/115355.971:WARNING:dns_config_service_win.cc(700)] Failed to read DnsConfig.
[0707/115355.985:WARNING:dns_config_service_win.cc(700)] Failed to read DnsConfig.
[0707/115402.816:WARNING:dns_config_service_win.cc(700)] Failed to read DnsConfig.
[0707/115402.841:WARNING:dns_config_service_win.cc(700)] Failed to read DnsConfig.
[0707/115402.849:WARNING:dns_config_service_win.cc(700)] Failed to read DnsConfig.
[0707/115859.633:WARNING:dns_config_service_win.cc(700)] Failed to read DnsConfig.
[0707/115859.635:WARNING:dns_config_service_win.cc(700)] Failed to read DnsConfig.
[0707/115904.638:WARNING:dns_config_service_win.cc(700)] Failed to read DnsConfig.
[0707/115904.656:WARNING:dns_config_service_win.cc(700)] Failed to read DnsConfig.
[0707/115909.642:WARNING:dns_config_service_win.cc(700)] Failed to read DnsConfig.
[0707/115909.681:WARNING:dns_config_service_win.cc(700)] Failed to read DnsConfig.
[0707/115914.647:WARNING:dns_config_service_win.cc(700)] Failed to read DnsConfig.
[0707/115914.702:WARNING:dns_config_service_win.cc(700)] Failed to read DnsConfig.
[0707/115919.650:WARNING:dns_config_service_win.cc(700)] Failed to read DnsConfig.
[0707/115919.711:WARNING:dns_config_service_win.cc(700)] Failed to read DnsConfig.
[0707/115924.654:WARNING:dns_config_service_win.cc(700)] Failed to read DnsConfig.
[0707/115924.719:WARNING:dns_config_service_win.cc(700)] Failed to read DnsConfig.
[0707/120018.178:WARNING:spdy_session.cc(3365)] Received HEADERS for invalid stream 11
[0707/120047.712:WARNING:spdy_session.cc(3365)] Received HEADERS for invalid stream 11
[0707/120047.715:WARNING:spdy_session.cc(3308)] Received WINDOW_UPDATE for invalid stream 19
[0707/120047.715:WARNING:spdy_session.cc(3308)] Received WINDOW_UPDATE for invalid stream 19
[0707/120047.716:WARNING:spdy_session.cc(3365)] Received HEADERS for invalid stream 19
[0707/120055.714:WARNING:spdy_session.cc(3308)] Received WINDOW_UPDATE for invalid stream 23
[0707/120055.714:WARNING:spdy_session.cc(3308)] Received WINDOW_UPDATE for invalid stream 23
[0707/120221.144:WARNING:spdy_session.cc(3365)] Received HEADERS for invalid stream 31
[0707/123247.057:WARNING:dns_config_service_win.cc(700)] Failed to read DnsConfig.
[0707/123247.067:WARNING:dns_config_service_win.cc(700)] Failed to read DnsConfig.
[0707/130803.953:WARNING:dns_config_service_win.cc(700)] Failed to read DnsConfig.
[0707/130803.993:WARNING:dns_config_service_win.cc(700)] Failed to read DnsConfig.
[0707/130805.838:WARNING:dns_config_service_win.cc(700)] Failed to read DnsConfig.
[0707/130806.248:WARNING:dns_config_service_win.cc(700)] Failed to read DnsConfig.
[0707/130806.253:WARNING:dns_config_service_win.cc(700)] Failed to read DnsConfig.
[0707/130810.835:WARNING:dns_config_service_win.cc(700)] Failed to read DnsConfig.
[0707/130810.839:WARNING:dns_config_service_win.cc(700)] Failed to read DnsConfig.
[0707/130810.842:WARNING:dns_config_service_win.cc(700)] Failed to read DnsConfig.
[0707/131928.492:WARNING:spdy_session.cc(3308)] Received WINDOW_UPDATE for invalid stream 25
[0707/131928.492:WARNING:spdy_session.cc(3308)] Received WINDOW_UPDATE for invalid stream 25
[0707/131928.492:WARNING:spdy_session.cc(3308)] Received WINDOW_UPDATE for invalid stream 25
[0707/131928.492:WARNING:spdy_session.cc(3308)] Received WINDOW_UPDATE for invalid stream 25
[0707/131928.492:WARNING:spdy_session.cc(3308)] Received WINDOW_UPDATE for invalid stream 25
[0707/131928.492:WARNING:spdy_session.cc(3308)] Received WINDOW_UPDATE for invalid stream 25
[0707/131928.492:WARNING:spdy_session.cc(3308)] Received WINDOW_UPDATE for invalid stream 25
[0707/131928.492:WARNING:spdy_session.cc(3308)] Received WINDOW_UPDATE for invalid stream 25
[0707/131928.492:WARNING:spdy_session.cc(3308)] Received WINDOW_UPDATE for invalid stream 25
[0707/131928.492:WARNING:spdy_session.cc(3308)] Received WINDOW_UPDATE for invalid stream 25
[0707/131928.492:WARNING:spdy_session.cc(3308)] Received WINDOW_UPDATE for invalid stream 25
[0707/131928.492:WARNING:spdy_session.cc(3308)] Received WINDOW_UPDATE for invalid stream 25
[0707/131928.493:WARNING:spdy_session.cc(3308)] Received WINDOW_UPDATE for invalid stream 25
[0707/131928.493:WARNING:spdy_session.cc(3308)] Received WINDOW_UPDATE for invalid stream 25
[0707/131928.493:WARNING:spdy_session.cc(3308)] Received WINDOW_UPDATE for invalid stream 25
[0707/131928.493:WARNING:spdy_session.cc(3308)] Received WINDOW_UPDATE for invalid stream 25
[0707/131928.493:WARNING:spdy_session.cc(3308)] Received WINDOW_UPDATE for invalid stream 25
[0707/131928.493:WARNING:spdy_session.cc(3308)] Received WINDOW_UPDATE for invalid stream 25
[0707/131928.493:WARNING:spdy_session.cc(3308)] Received WINDOW_UPDATE for invalid stream 25
[0707/131928.493:WARNING:spdy_session.cc(3308)] Received WINDOW_UPDATE for invalid stream 25
[0707/131928.493:WARNING:spdy_session.cc(3308)] Received WINDOW_UPDATE for invalid stream 25
[0707/131928.493:WARNING:spdy_session.cc(3308)] Received WINDOW_UPDATE for invalid stream 25
[0707/131928.493:WARNING:spdy_session.cc(3308)] Received WINDOW_UPDATE for invalid stream 25
[0707/131928.494:WARNING:spdy_session.cc(3365)] Received HEADERS for invalid stream 25
[0707/131931.271:WARNING:spdy_session.cc(3308)] Received WINDOW_UPDATE for invalid stream 29
[0707/131931.271:WARNING:spdy_session.cc(3308)] Received WINDOW_UPDATE for invalid stream 29
[0707/131931.278:WARNING:spdy_session.cc(3365)] Received HEADERS for invalid stream 29
[0707/132008.837:WARNING:dns_config_service_win.cc(700)] Failed to read DnsConfig.
[0707/132008.911:WARNING:dns_config_service_win.cc(700)] Failed to read DnsConfig.
[0707/132013.841:WARNING:dns_config_service_win.cc(700)] Failed to read DnsConfig.
[0707/132013.927:WARNING:dns_config_service_win.cc(700)] Failed to read DnsConfig.
[0707/132018.845:WARNING:dns_config_service_win.cc(700)] Failed to read DnsConfig.
[0707/132018.938:WARNING:dns_config_service_win.cc(700)] Failed to read DnsConfig.
[0707/132023.850:WARNING:dns_config_service_win.cc(700)] Failed to read DnsConfig.
[0707/132023.954:WARNING:dns_config_service_win.cc(700)] Failed to read DnsConfig.
[0707/132028.855:WARNING:dns_config_service_win.cc(700)] Failed to read DnsConfig.
[0707/132028.971:WARNING:dns_config_service_win.cc(700)] Failed to read DnsConfig.
[0707/132033.860:WARNING:dns_config_service_win.cc(700)] Failed to read DnsConfig.
[0707/153654.192:WARNING:value_store_frontend.cc(44)] Reading mhjfbmdgcfjbbpaeojofohoefgiehjai.alarms from  failed: IO error: .../MANIFEST-000001: Unable to create sequential file (ChromeMethodBFE: 7::NewSequentialFile::1)
[0707/153659.288:WARNING:spdy_session.cc(3308)] Received WINDOW_UPDATE for invalid stream 7
[0707/153659.288:WARNING:spdy_session.cc(3308)] Received WINDOW_UPDATE for invalid stream 7
[0707/161821.325:WARNING:spdy_session.cc(3308)] Received WINDOW_UPDATE for invalid stream 3
[0707/161821.325:WARNING:spdy_session.cc(3308)] Received WINDOW_UPDATE for invalid stream 3
[0707/161821.333:WARNING:spdy_session.cc(3308)] Received WINDOW_UPDATE for invalid stream 3
[0707/161821.333:WARNING:spdy_session.cc(3308)] Received WINDOW_UPDATE for invalid stream 3
[0707/161821.333:WARNING:spdy_session.cc(3308)] Received WINDOW_UPDATE for invalid stream 3
[0707/161821.333:WARNING:spdy_session.cc(3308)] Received WINDOW_UPDATE for invalid stream 3
[0707/161821.333:WARNING:spdy_session.cc(3308)] Received WINDOW_UPDATE for invalid stream 3
[0707/161821.333:WARNING:spdy_session.cc(3308)] Received WINDOW_UPDATE for invalid stream 3
[0707/161821.333:WARNING:spdy_session.cc(3308)] Received WINDOW_UPDATE for invalid stream 3
[0707/161821.333:WARNING:spdy_session.cc(3308)] Received WINDOW_UPDATE for invalid stream 3
[0707/161821.333:WARNING:spdy_session.cc(3308)] Received WINDOW_UPDATE for invalid stream 3
[0707/161821.333:WARNING:spdy_session.cc(3308)] Received WINDOW_UPDATE for invalid stream 3
[0707/161821.333:WARNING:spdy_session.cc(3365)] Received HEADERS for invalid stream 3
[0707/161821.334:WARNING:spdy_session.cc(3365)] Received HEADERS for invalid stream 1
[0707/161821.334:WARNING:spdy_session.cc(3365)] Received HEADERS for invalid stream 1
[0707/161821.344:WARNING:spdy_session.cc(3365)] Received HEADERS for invalid stream 1
[0707/161821.345:WARNING:spdy_session.cc(3365)] Received HEADERS for invalid stream 5
[0707/161821.345:WARNING:spdy_session.cc(3365)] Received HEADERS for invalid stream 3
[0707/161821.366:WARNING:spdy_session.cc(3365)] Received HEADERS for invalid stream 7
[0707/161821.372:WARNING:spdy_session.cc(3365)] Received HEADERS for invalid stream 5
[0707/161822.180:WARNING:value_store_frontend.cc(44)] Reading mhjfbmdgcfjbbpaeojofohoefgiehjai.alarms from  failed: IO error: .../MANIFEST-000001: Unable to create sequential file (ChromeMethodBFE: 7::NewSequentialFile::1)
[0707/163112.673:ERROR:os_crypt_win.cc(92)] Failed to decrypt: Key not valid for use in specified state. (0x8009000B)
[0709/190129.737:WARNING:value_store_frontend.cc(44)] Reading mhjfbmdgcfjbbpaeojofohoefgiehjai.alarms from  failed: IO error: .../MANIFEST-000001: Unable to create sequential file (ChromeMethodBFE: 7::NewSequentialFile::1)
[0709/190130.799:WARNING:spdy_session.cc(3308)] Received WINDOW_UPDATE for invalid stream 5
[0709/190130.807:WARNING:spdy_session.cc(3365)] Received HEADERS for invalid stream 5
[0709/202047.107:WARNING:gpu_process_host.cc(1230)] The GPU process has crashed 1 time(s)
[0709/202047.122:ERROR:network_service_instance_impl.cc(263)] Network service crashed, restarting service.
[0709/202047.444:WARNING:gpu_process_host.cc(972)] Reinitialized the GPU process after a crash. The reported initialization time was 158 ms
[0710/165619.397:ERROR:backend_impl.cc(1041)] Critical error found -8
[0710/165620.350:WARNING:storage_block-inl.h(146)] Failed data load.
[0710/165622.345:WARNING:spdy_session.cc(3365)] Received HEADERS for invalid stream 25
[0710/165622.347:WARNING:spdy_session.cc(3365)] Received HEADERS for invalid stream 27
[0710/165622.352:WARNING:spdy_session.cc(3365)] Received HEADERS for invalid stream 29
[0710/165622.379:WARNING:spdy_session.cc(3365)] Received HEADERS for invalid stream 31
[0710/165622.393:WARNING:spdy_session.cc(3365)] Received HEADERS for invalid stream 33
[0710/165622.565:WARNING:spdy_session.cc(3365)] Received HEADERS for invalid stream 35
[0710/165622.708:WARNING:spdy_session.cc(3365)] Received HEADERS for invalid stream 37
[0710/165622.729:WARNING:spdy_session.cc(3365)] Received HEADERS for invalid stream 39
[0710/165622.729:WARNING:spdy_session.cc(3365)] Received HEADERS for invalid stream 41
[0710/165622.729:WARNING:spdy_session.cc(3365)] Received HEADERS for invalid stream 43
[0710/165622.729:WARNING:spdy_session.cc(3365)] Received HEADERS for invalid stream 45
[0710/165622.729:WARNING:spdy_session.cc(3365)] Received HEADERS for invalid stream 47
[0710/165714.719:WARNING:spdy_session.cc(3308)] Received WINDOW_UPDATE for invalid stream 3
[0710/165714.719:WARNING:spdy_session.cc(3308)] Received WINDOW_UPDATE for invalid stream 3
[0710/165714.739:WARNING:spdy_session.cc(3308)] Received WINDOW_UPDATE for invalid stream 3
[0710/165714.739:WARNING:spdy_session.cc(3308)] Received WINDOW_UPDATE for invalid stream 3
[0710/165714.748:WARNING:spdy_session.cc(3308)] Received WINDOW_UPDATE for invalid stream 3
[0710/165714.748:WARNING:spdy_session.cc(3308)] Received WINDOW_UPDATE for invalid stream 3
[0710/165714.777:WARNING:spdy_session.cc(3308)] Received WINDOW_UPDATE for invalid stream 3
[0710/165714.777:WARNING:spdy_session.cc(3308)] Received WINDOW_UPDATE for invalid stream 3
[0710/165714.777:WARNING:spdy_session.cc(3308)] Received WINDOW_UPDATE for invalid stream 3
[0710/165714.777:WARNING:spdy_session.cc(3308)] Received WINDOW_UPDATE for invalid stream 3
[0710/165714.777:WARNING:spdy_session.cc(3308)] Received WINDOW_UPDATE for invalid stream 3
[0710/165714.777:WARNING:spdy_session.cc(3308)] Received WINDOW_UPDATE for invalid stream 3
[0710/165714.777:WARNING:spdy_session.cc(3308)] Received WINDOW_UPDATE for invalid stream 3
[0710/165714.777:WARNING:spdy_session.cc(3308)] Received WINDOW_UPDATE for invalid stream 3
[0710/165714.784:WARNING:spdy_session.cc(3365)] Received HEADERS for invalid stream 3
[0710/165714.829:WARNING:spdy_session.cc(3365)] Received HEADERS for invalid stream 1
[0710/165714.856:WARNING:spdy_session.cc(3365)] Received HEADERS for invalid stream 5
[0710/165715.544:WARNING:value_store_frontend.cc(44)] Reading mhjfbmdgcfjbbpaeojofohoefgiehjai.alarms from  failed: IO error: .../MANIFEST-000001: Unable to create sequential file (ChromeMethodBFE: 7::NewSequentialFile::1)
[0710/174847.443:WARNING:value_store_frontend.cc(44)] Reading mhjfbmdgcfjbbpaeojofohoefgiehjai.alarms from  failed: IO error: .../MANIFEST-000001: Unable to create sequential file (ChromeMethodBFE: 7::NewSequentialFile::1)
[0710/174848.885:WARNING:spdy_session.cc(3365)] Received HEADERS for invalid stream 5
[0710/174935.918:WARNING:spdy_session.cc(3308)] Received WINDOW_UPDATE for invalid stream 15
[0710/174935.918:WARNING:spdy_session.cc(3308)] Received WINDOW_UPDATE for invalid stream 15
[0710/174935.967:WARNING:spdy_session.cc(3308)] Received WINDOW_UPDATE for invalid stream 15
[0710/174935.967:WARNING:spdy_session.cc(3308)] Received WINDOW_UPDATE for invalid stream 15
[0710/174935.967:WARNING:spdy_session.cc(3308)] Received WINDOW_UPDATE for invalid stream 15
[0710/174935.967:WARNING:spdy_session.cc(3308)] Received WINDOW_UPDATE for invalid stream 15
[0710/174935.968:WARNING:spdy_session.cc(3308)] Received WINDOW_UPDATE for invalid stream 15
[0710/174935.968:WARNING:spdy_session.cc(3308)] Received WINDOW_UPDATE for invalid stream 15
[0710/174935.968:WARNING:spdy_session.cc(3308)] Received WINDOW_UPDATE for invalid stream 15
[0710/174935.968:WARNING:spdy_session.cc(3308)] Received WINDOW_UPDATE for invalid stream 15
[0710/175341.708:WARNING:spdy_session.cc(3308)] Received WINDOW_UPDATE for invalid stream 19
[0710/175341.708:WARNING:spdy_session.cc(3308)] Received WINDOW_UPDATE for invalid stream 19
[0710/175341.708:WARNING:spdy_session.cc(3308)] Received WINDOW_UPDATE for invalid stream 19
[0710/175341.708:WARNING:spdy_session.cc(3308)] Received WINDOW_UPDATE for invalid stream 19
[0710/175341.717:WARNING:spdy_session.cc(3308)] Received WINDOW_UPDATE for invalid stream 19
[0710/175341.717:WARNING:spdy_session.cc(3308)] Received WINDOW_UPDATE for invalid stream 19
[0710/175341.717:WARNING:spdy_session.cc(3308)] Received WINDOW_UPDATE for invalid stream 19
[0710/175341.717:WARNING:spdy_session.cc(3308)] Received WINDOW_UPDATE for invalid stream 19
[0710/175341.721:WARNING:spdy_session.cc(3308)] Received WINDOW_UPDATE for invalid stream 19
[0710/175341.721:WARNING:spdy_session.cc(3308)] Received WINDOW_UPDATE for invalid stream 19
[0710/180833.598:WARNING:spdy_session.cc(3308)] Received WINDOW_UPDATE for invalid stream 5
[0710/182715.069:WARNING:ipc_message_attachment_set.cc(49)] MessageAttachmentSet destroyed with unconsumed attachments: 0/1
[0710/182806.815:WARNING:spdy_session.cc(3308)] Received WINDOW_UPDATE for invalid stream 33
[0710/182806.815:WARNING:spdy_session.cc(3308)] Received WINDOW_UPDATE for invalid stream 33
[0710/182806.815:WARNING:spdy_session.cc(3308)] Received WINDOW_UPDATE for invalid stream 33
[0710/182806.815:WARNING:spdy_session.cc(3308)] Received WINDOW_UPDATE for invalid stream 33
[0715/154444.717:ERROR:backend_impl.cc(1041)] Critical error found -8
[0715/154445.884:WARNING:storage_block-inl.h(146)] Failed data load.
[0715/154454.550:WARNING:value_store_frontend.cc(44)] Reading mhjfbmdgcfjbbpaeojofohoefgiehjai.alarms from  failed: IO error: .../MANIFEST-000001: Unable to create sequential file (ChromeMethodBFE: 7::NewSequentialFile::1)
[0715/154523.512:WARNING:spdy_session.cc(3365)] Received HEADERS for invalid stream 51
[0715/164047.887:WARNING:value_store_frontend.cc(44)] Reading mhjfbmdgcfjbbpaeojofohoefgiehjai.alarms from  failed: IO error: .../MANIFEST-000001: Unable to create sequential file (ChromeMethodBFE: 7::NewSequentialFile::1)
[0715/171801.221:ERROR:browser_info_manager.cc(560)] Timeout of new browser info response for frame process id 18 and routing id 33
<<<<<<< HEAD
[0716/200518.129:ERROR:backend_impl.cc(1041)] Critical error found -8
[0716/200518.946:WARNING:storage_block-inl.h(146)] Failed data load.
[0716/200527.136:WARNING:value_store_frontend.cc(44)] Reading mhjfbmdgcfjbbpaeojofohoefgiehjai.alarms from  failed: IO error: .../MANIFEST-000001: Unable to create sequential file (ChromeMethodBFE: 7::NewSequentialFile::1)
=======
[0716/100420.054:ERROR:backend_impl.cc(1041)] Critical error found -8
[0716/100421.209:WARNING:storage_block-inl.h(146)] Failed data load.
[0716/100423.527:WARNING:value_store_frontend.cc(44)] Reading mhjfbmdgcfjbbpaeojofohoefgiehjai.alarms from  failed: IO error: .../MANIFEST-000001: Unable to create sequential file (ChromeMethodBFE: 7::NewSequentialFile::1)
[0716/101637.188:WARNING:spdy_session.cc(3365)] Received HEADERS for invalid stream 43
[0716/101658.046:WARNING:spdy_session.cc(3365)] Received HEADERS for invalid stream 89
[0716/101737.862:WARNING:spdy_session.cc(3365)] Received HEADERS for invalid stream 111
[0716/103301.335:WARNING:value_store_frontend.cc(44)] Reading mhjfbmdgcfjbbpaeojofohoefgiehjai.alarms from  failed: IO error: .../MANIFEST-000001: Unable to create sequential file (ChromeMethodBFE: 7::NewSequentialFile::1)
[0716/103733.194:WARNING:value_store_frontend.cc(44)] Reading mhjfbmdgcfjbbpaeojofohoefgiehjai.alarms from  failed: IO error: .../MANIFEST-000001: Unable to create sequential file (ChromeMethodBFE: 7::NewSequentialFile::1)
[0716/104245.199:WARNING:spdy_session.cc(3365)] Received HEADERS for invalid stream 43
[0716/104245.199:WARNING:spdy_session.cc(3365)] Received HEADERS for invalid stream 45
[0716/123657.881:WARNING:value_store_frontend.cc(44)] Reading mhjfbmdgcfjbbpaeojofohoefgiehjai.alarms from  failed: IO error: .../MANIFEST-000001: Unable to create sequential file (ChromeMethodBFE: 7::NewSequentialFile::1)
[0716/141840.193:WARNING:value_store_frontend.cc(44)] Reading mhjfbmdgcfjbbpaeojofohoefgiehjai.alarms from  failed: IO error: .../MANIFEST-000001: Unable to create sequential file (ChromeMethodBFE: 7::NewSequentialFile::1)
[0716/143150.052:WARNING:spdy_session.cc(3365)] Received HEADERS for invalid stream 33
[0716/143204.517:WARNING:spdy_session.cc(3365)] Received HEADERS for invalid stream 69
[0716/143218.667:WARNING:spdy_session.cc(3365)] Received HEADERS for invalid stream 111
>>>>>>> 4d94b3e13ebaf780d9ceb8d2b0ba09f28c499e31
[0716/202831.812:ERROR:os_crypt_win.cc(92)] Failed to decrypt: Key not valid for use in specified state. (0x8009000B)
[0716/203019.096:ERROR:transport_security_persister.cc(413)] Failed to deserialize state: {
   "+loO+DGmT6DTr59JZFAnGSlBAwPkO5M/R9ec1Sw/9KA=": {
<<<<<<< HEAD
      "expiry": 1689552325.241387,
      "mode": "force-https",
      "sts_include_subdomains": true,
      "sts_observed": 1658016325.241389
=======
      "expiry": 1689531518.428933,
      "mode": "force-https",
      "sts_include_subdomains": true,
      "sts_observed": 1657995518.428936
>>>>>>> 4d94b3e13ebaf780d9ceb8d2b0ba09f28c499e31
   },
   "+w5T25dn8u3VtgY/1Rn9EIfkxuJtPw5cy6Zk1Co74kc=": {
      "expiry": 1689025983.869835,
      "mode": "force-https",
      "sts_include_subdomains": true,
      "sts_observed": 1657489983.869838
   },
   "0XHS+kQqIhFIeN7oymyiPVv7XJFRlvKgxEhdmnxDlR0=": {
<<<<<<< HEAD
      "expiry": 1689552326.815921,
      "mode": "force-https",
      "sts_include_subdomains": true,
      "sts_observed": 1658016326.815922
=======
      "expiry": 1689516263.022805,
      "mode": "force-https",
      "sts_include_subdomains": true,
      "sts_observed": 1657980263.022806
>>>>>>> 4d94b3e13ebaf780d9ceb8d2b0ba09f28c499e31
   },
   "3uc5k1+CVGpEnMncBfw38cH7+ZQDW6SXGj1cL7CNWQ0=": {
      "expiry": 1689025993.602375,
      "mode": "force-https",
      "sts_include_subdomains": true,
      "sts_observed": 1657489993.602377
   },
   "9jFJneXMVHTXLZTJwwlFuScHMcN/99brFSgqRKTizGw=": {
<<<<<<< HEAD
      "expiry": 1689552689.458529,
      "mode": "force-https",
      "sts_include_subdomains": false,
      "sts_observed": 1658016689.458531
=======
      "expiry": 1689516264.439761,
      "mode": "force-https",
      "sts_include_subdomains": false,
      "sts_observed": 1657980264.439762
>>>>>>> 4d94b3e13ebaf780d9ceb8d2b0ba09f28c499e31
   },
   "BFURUi5Wmkaq2CqnY/AEvTc3dMf9beTDKKMJEjyhYw8=": {
      "expiry": 1674087119.257065,
      "mode": "force-https",
      "sts_include_subdomains": true,
      "sts_observed": 1658016719.257068
   },
   "ChSF1RRXppsgAdOygcllXLHe2gIuuGfxoDnUQJMY+34=": {
      "expiry": 1688744637.277348,
      "mode": "force-https",
      "sts_include_subdomains": true,
      "sts_observed": 1657208637.277351
   },
   "Dd86igiP5X0u+LEP5J9IHCSHbBFS9duzXpv09wFxjsU=": {
      "expiry": 1688750364.944007,
      "mode": "force-https",
      "sts_include_subdomains": true,
      "sts_observed": 1657214364.944011
   },
   "J9cDrWZ3rEvvDvh72D/mcci7GjMY6rAI3OZGJqq7rDU=": {
<<<<<<< HEAD
      "expiry": 1689552689.522947,
      "mode": "force-https",
      "sts_include_subdomains": true,
      "sts_observed": 1658016689.52295
=======
      "expiry": 1689532451.305731,
      "mode": "force-https",
      "sts_include_subdomains": true,
      "sts_observed": 1657996451.305734
>>>>>>> 4d94b3e13ebaf780d9ceb8d2b0ba09f28c499e31
   },
   "JcglrPTIb75J7cK5+1uV8qs+q2+4YpDgiRj6Oi95kN8=": {
      "expiry": 1689025997.019738,
      "mode": "force-https",
      "sts_include_subdomains": true,
      "sts_observed": 1657489997.01974
   },
   "LAZkYS46RVRcFiZAzmUJrz6TJHBd4nwE6VxPWfPLYHs=": {
<<<<<<< HEAD
      "expiry": 1668903100.061638,
      "mode": "force-https",
      "sts_include_subdomains": true,
      "sts_observed": 1658016700.061641
   },
   "M4bfUnCmQAi4PNb3B8aI/2+SVJhHKsMfMMT7fzi6ij4=": {
      "expiry": 1689552699.744532,
      "mode": "force-https",
      "sts_include_subdomains": true,
      "sts_observed": 1658016699.744535
   },
   "TZmujbl93Yt3JI8wZ4X/zjkA0WFNGNW44A+o7h4YyHw=": {
      "expiry": 1689552720.983769,
      "mode": "force-https",
      "sts_include_subdomains": true,
      "sts_observed": 1658016720.983771
   },
   "XirPwNVrDqYgyuxemnCFPt/miGLeRw1ZlL8UM5D8w9g=": {
      "expiry": 1689552688.042561,
      "mode": "force-https",
      "sts_include_subdomains": true,
      "sts_observed": 1658016688.042564
=======
      "expiry": 1668882850.311302,
      "mode": "force-https",
      "sts_include_subdomains": true,
      "sts_observed": 1657996450.311304
   },
   "M4bfUnCmQAi4PNb3B8aI/2+SVJhHKsMfMMT7fzi6ij4=": {
      "expiry": 1689532450.105803,
      "mode": "force-https",
      "sts_include_subdomains": true,
      "sts_observed": 1657996450.105805
   },
   "TZmujbl93Yt3JI8wZ4X/zjkA0WFNGNW44A+o7h4YyHw=": {
      "expiry": 1689532451.386761,
      "mode": "force-https",
      "sts_include_subdomains": true,
      "sts_observed": 1657996451.386763
   },
   "XirPwNVrDqYgyuxemnCFPt/miGLeRw1ZlL8UM5D8w9g=": {
      "expiry": 1689532450.284202,
      "mode": "force-https",
      "sts_include_subdomains": true,
      "sts_observed": 1657996450.284204
>>>>>>> 4d94b3e13ebaf780d9ceb8d2b0ba09f28c499e31
   },
   "Yx3aL74oUgpfpWNvotxVLjNiJL+NgeA9EVGy3b4K9kM=": {
      "expiry": 1689028283.009209,
      "mode": "force-https",
      "sts_include_subdomains": true,
      "sts_observed": 1657492283.009211
   },
   "ZQ1EzfPOjglycZBRpPCdAk+GT9/ZSTrZmN9+T0SB6tE=": {
      "expiry": 1688750325.514004,
      "mode": "force-https",
      "sts_include_subdomains": true,
      "sts_observed": 1657214325.514006
   },
   "b+1zAjx7TfZR0tau/Dayr1KXpJsp8wekXoIt8+pqvbs=": {
<<<<<<< HEAD
      "expiry": 1689552689.701242,
      "mode": "force-https",
      "sts_include_subdomains": true,
      "sts_observed": 1658016689.701244
   },
   "d/shMw0Su0VfrwT8u+3nAuAaOIuZLLpFnDkIAe6h7tQ=": {
      "expiry": 1689552694.684839,
      "mode": "force-https",
      "sts_include_subdomains": true,
      "sts_observed": 1658016694.684841
   },
   "fJjUrPqhktMfiTHJX3Q0pJi/P12Q72DBgzzJqjlNC4o=": {
      "expiry": 1689552325.241836,
      "mode": "force-https",
      "sts_include_subdomains": true,
      "sts_observed": 1658016325.241838
=======
      "expiry": 1689532451.599942,
      "mode": "force-https",
      "sts_include_subdomains": true,
      "sts_observed": 1657996451.599944
   },
   "d/shMw0Su0VfrwT8u+3nAuAaOIuZLLpFnDkIAe6h7tQ=": {
      "expiry": 1689532460.141128,
      "mode": "force-https",
      "sts_include_subdomains": true,
      "sts_observed": 1657996460.14113
   },
   "fJjUrPqhktMfiTHJX3Q0pJi/P12Q72DBgzzJqjlNC4o=": {
      "expiry": 1689532450.198764,
      "mode": "force-https",
      "sts_include_subdomains": true,
      "sts_observed": 1657996450.198768
>>>>>>> 4d94b3e13ebaf780d9ceb8d2b0ba09f28c499e31
   },
   "mKfs00rllMb+uGkYNaH0kYaeTDIL0zisVD1WfDTjjHE=": {
      "expiry": 1689025987.254568,
      "mode": "force-https",
      "sts_include_subdomains": true,
      "sts_observed": 1657489987.254572
   },
   "nAuqgR4iEWti7SOdT3UHPl6rmZU/DeaIm38P2O2OkgA=": {
<<<<<<< HEAD
      "expiry": 1689552319.90174,
      "mode": "force-https",
      "sts_include_subdomains": false,
      "sts_observed": 1658016319.901742
   },
   "opXOuPncEqRjkYSjAgcGEU30CFS/DB8Obxt4KuKod80=": {
      "expiry": 1689552323.039974,
      "mode": "force-https",
      "sts_include_subdomains": true,
      "sts_observed": 1658016323.039977
   },
   "tXjOdUMSBgtiUbrbGkl6XP80fiDB8uXOkUbnCf0IKvw=": {
      "expiry": 1689552325.327249,
      "mode": "force-https",
      "sts_include_subdomains": false,
      "sts_observed": 1658016325.327251
=======
      "expiry": 1689516261.649082,
      "mode": "force-https",
      "sts_include_subdomains": false,
      "sts_observed": 1657980261.649084
   },
   "opXOuPncEqRjkYSjAgcGEU30CFS/DB8Obxt4KuKod80=": {
      "expiry": 1689532450.129422,
      "mode": "force-https",
      "sts_include_subdomains": true,
      "sts_observed": 1657996450.129424
   },
   "tXjOdUMSBgtiUbrbGkl6XP80fiDB8uXOkUbnCf0IKvw=": {
      "expiry": 1689516263.62707,
      "mode": "force-https",
      "sts_include_subdomains": false,
      "sts_observed": 1657980263.627071
>>>>>>> 4d94b3e13ebaf780d9ceb8d2b0ba09f28c499e31
   }
}

[0716/203021.419:ERROR:entry_impl.cc(1076)] No file for 8000000f
[0716/203023.568:ERROR:entry_impl.cc(1076)] No file for 80000013
[0716/203023.568:ERROR:entry_impl.cc(1076)] No file for 80000013
[0716/203023.570:ERROR:entry_impl.cc(1076)] No file for 80000013
[0716/203026.534:WARNING:value_store_frontend.cc(44)] Reading mhjfbmdgcfjbbpaeojofohoefgiehjai.alarms from  failed: IO error: .../MANIFEST-000001: Unable to create sequential file (ChromeMethodBFE: 7::NewSequentialFile::1)
[0716/203102.720:WARNING:spdy_session.cc(3365)] Received HEADERS for invalid stream 49
[0716/203129.893:WARNING:spdy_session.cc(3365)] Received HEADERS for invalid stream 63
[0717/175225.516:WARNING:value_store_frontend.cc(44)] Reading mhjfbmdgcfjbbpaeojofohoefgiehjai.alarms from  failed: IO error: .../MANIFEST-000001: Unable to create sequential file (ChromeMethodBFE: 7::NewSequentialFile::1)
[0717/175608.010:WARNING:spdy_session.cc(3365)] Received HEADERS for invalid stream 115
[0717/200720.556:WARNING:value_store_frontend.cc(44)] Reading mhjfbmdgcfjbbpaeojofohoefgiehjai.alarms from  failed: IO error: .../MANIFEST-000001: Unable to create sequential file (ChromeMethodBFE: 7::NewSequentialFile::1)
[0717/200749.062:WARNING:spdy_session.cc(3365)] Received HEADERS for invalid stream 49
[0717/200912.730:WARNING:value_store_frontend.cc(44)] Reading mhjfbmdgcfjbbpaeojofohoefgiehjai.alarms from  failed: IO error: .../MANIFEST-000001: Unable to create sequential file (ChromeMethodBFE: 7::NewSequentialFile::1)
[0717/201437.169:WARNING:spdy_session.cc(3365)] Received HEADERS for invalid stream 19
[0717/201447.977:WARNING:spdy_session.cc(3308)] Received WINDOW_UPDATE for invalid stream 109
[0717/201447.977:WARNING:spdy_session.cc(3308)] Received WINDOW_UPDATE for invalid stream 109
[0717/201450.458:WARNING:spdy_session.cc(3365)] Received HEADERS for invalid stream 113
[0717/201450.458:WARNING:spdy_session.cc(3365)] Received HEADERS for invalid stream 115
[0717/201602.844:WARNING:spdy_session.cc(3365)] Received HEADERS for invalid stream 135
[0717/201701.430:ERROR:shared_image_manager.cc(188)] SharedImageManager::ProduceGLTexturePassthrough: Trying to produce a representation from a non-existent mailbox.
[0717/201701.482:ERROR:gl_utils.cc(316)] [.DisplayCompositor] GL_INVALID_OPERATION: invalid mailbox name.
[0717/201701.483:ERROR:gl_utils.cc(316)] [.DisplayCompositor] GL_INVALID_OPERATION: texture is not a shared image
[0717/201701.486:ERROR:gl_utils.cc(316)] [.DisplayCompositor] GL_INVALID_OPERATION: texture is not a shared image
[0717/201701.487:ERROR:shared_image_manager.cc(188)] SharedImageManager::ProduceGLTexturePassthrough: Trying to produce a representation from a non-existent mailbox.
[0717/201701.487:ERROR:gl_utils.cc(316)] [.DisplayCompositor] GL_INVALID_OPERATION: invalid mailbox name.
[0717/201701.487:ERROR:gl_utils.cc(316)] [.DisplayCompositor] GL_INVALID_OPERATION: texture is not a shared image
[0717/201701.488:ERROR:gl_utils.cc(316)] [.DisplayCompositor] GL_INVALID_OPERATION: texture is not a shared image
[0717/201701.488:ERROR:shared_image_manager.cc(188)] SharedImageManager::ProduceGLTexturePassthrough: Trying to produce a representation from a non-existent mailbox.
[0717/201701.488:ERROR:gl_utils.cc(316)] [.DisplayCompositor] GL_INVALID_OPERATION: invalid mailbox name.
[0717/201701.488:ERROR:gl_utils.cc(316)] [.DisplayCompositor] GL_INVALID_OPERATION: texture is not a shared image
[0717/201701.488:ERROR:gl_utils.cc(316)] [.DisplayCompositor] GL_INVALID_OPERATION: texture is not a shared image
[0717/201701.488:ERROR:shared_image_manager.cc(188)] SharedImageManager::ProduceGLTexturePassthrough: Trying to produce a representation from a non-existent mailbox.
[0717/201701.488:ERROR:gl_utils.cc(316)] [.DisplayCompositor] GL_INVALID_OPERATION: invalid mailbox name.
[0717/201701.488:ERROR:gl_utils.cc(316)] [.DisplayCompositor] GL_INVALID_OPERATION: texture is not a shared image
[0717/201701.488:ERROR:gl_utils.cc(316)] [.DisplayCompositor] GL_INVALID_OPERATION: texture is not a shared image
[0717/201701.488:ERROR:shared_image_manager.cc(188)] SharedImageManager::ProduceGLTexturePassthrough: Trying to produce a representation from a non-existent mailbox.
[0717/201701.488:ERROR:gl_utils.cc(316)] [.DisplayCompositor] GL_INVALID_OPERATION: invalid mailbox name.
[0717/201701.488:ERROR:gl_utils.cc(316)] [.DisplayCompositor] GL_INVALID_OPERATION: texture is not a shared image
[0717/201701.489:ERROR:gl_utils.cc(316)] [.DisplayCompositor] GL_INVALID_OPERATION: texture is not a shared image
[0717/201701.489:ERROR:shared_image_manager.cc(188)] SharedImageManager::ProduceGLTexturePassthrough: Trying to produce a representation from a non-existent mailbox.
[0717/201701.489:ERROR:gl_utils.cc(316)] [.DisplayCompositor] GL_INVALID_OPERATION: invalid mailbox name.
[0717/201701.489:ERROR:gl_utils.cc(316)] [.DisplayCompositor] GL_INVALID_OPERATION: texture is not a shared image
[0717/201701.489:ERROR:gl_utils.cc(316)] [.DisplayCompositor] GL_INVALID_OPERATION: texture is not a shared image
[0717/201814.060:WARNING:spdy_session.cc(3308)] Received WINDOW_UPDATE for invalid stream 255
[0717/201814.060:WARNING:spdy_session.cc(3308)] Received WINDOW_UPDATE for invalid stream 255
[0717/205426.942:WARNING:spdy_session.cc(3308)] Received WINDOW_UPDATE for invalid stream 291
[0717/205426.943:WARNING:spdy_session.cc(3308)] Received WINDOW_UPDATE for invalid stream 291
[0717/205426.943:WARNING:spdy_session.cc(3308)] Received WINDOW_UPDATE for invalid stream 291
[0717/205426.943:WARNING:spdy_session.cc(3308)] Received WINDOW_UPDATE for invalid stream 291
[0717/205426.943:WARNING:spdy_session.cc(3308)] Received WINDOW_UPDATE for invalid stream 291
[0717/205426.943:WARNING:spdy_session.cc(3308)] Received WINDOW_UPDATE for invalid stream 291
[0717/205426.943:WARNING:spdy_session.cc(3308)] Received WINDOW_UPDATE for invalid stream 291
[0717/205426.943:WARNING:spdy_session.cc(3308)] Received WINDOW_UPDATE for invalid stream 291
[0717/205426.943:WARNING:spdy_session.cc(3365)] Received HEADERS for invalid stream 289
[0717/205426.943:WARNING:spdy_session.cc(3308)] Received WINDOW_UPDATE for invalid stream 291
[0717/205426.943:WARNING:spdy_session.cc(3308)] Received WINDOW_UPDATE for invalid stream 291
[0717/205426.943:WARNING:spdy_session.cc(3308)] Received WINDOW_UPDATE for invalid stream 291
[0717/205426.943:WARNING:spdy_session.cc(3308)] Received WINDOW_UPDATE for invalid stream 291
[0717/205426.943:WARNING:spdy_session.cc(3308)] Received WINDOW_UPDATE for invalid stream 291
[0717/205426.943:WARNING:spdy_session.cc(3308)] Received WINDOW_UPDATE for invalid stream 291
[0717/205426.943:WARNING:spdy_session.cc(3308)] Received WINDOW_UPDATE for invalid stream 291
[0717/205426.943:WARNING:spdy_session.cc(3308)] Received WINDOW_UPDATE for invalid stream 291
[0717/205426.943:WARNING:spdy_session.cc(3308)] Received WINDOW_UPDATE for invalid stream 291
[0717/205426.945:WARNING:spdy_session.cc(3308)] Received WINDOW_UPDATE for invalid stream 291
[0717/205426.954:WARNING:spdy_session.cc(3308)] Received WINDOW_UPDATE for invalid stream 291
[0717/205426.954:WARNING:spdy_session.cc(3308)] Received WINDOW_UPDATE for invalid stream 291
[0717/205426.954:WARNING:spdy_session.cc(3308)] Received WINDOW_UPDATE for invalid stream 291
[0717/205426.954:WARNING:spdy_session.cc(3308)] Received WINDOW_UPDATE for invalid stream 291
[0717/205426.954:WARNING:spdy_session.cc(3365)] Received HEADERS for invalid stream 291
[0720/101116.540:ERROR:os_crypt_win.cc(92)] Failed to decrypt: Key not valid for use in specified state. (0x8009000B)
[0720/101155.375:ERROR:backend_impl.cc(1041)] Critical error found -8
[0720/101156.821:WARNING:storage_block-inl.h(146)] Failed data load.
